# JRE version: OpenJDK Runtime Environment (8.0_112-b06) (build 1.8.0_112-release-b06)
# Java VM: OpenJDK 64-Bit Server VM (25.112-b06 mixed mode windows-amd64 compressed oops)
Heap:
 PSYoungGen      total 314880K, used 69563K [0x00000000e0000000, 0x00000000fb080000, 0x0000000100000000)
  eden space 285696K, 14% used [0x00000000e0000000,0x00000000e2772798,0x00000000f1700000)
  from space 29184K, 99% used [0x00000000f1700000,0x00000000f337c758,0x00000000f3380000)
  to   space 34304K, 0% used [0x00000000f8f00000,0x00000000f8f00000,0x00000000fb080000)
 ParOldGen       total 141312K, used 51733K [0x00000000a0000000, 0x00000000a8a00000, 0x00000000e0000000)
  object space 141312K, 36% used [0x00000000a0000000,0x00000000a32857e8,0x00000000a8a00000)
 Metaspace       used 65777K, capacity 68674K, committed 68952K, reserved 1110016K
  class space    used 8651K, capacity 9266K, committed 9344K, reserved 1048576K
GC Heap History (10 events):
Event: 18.355 GC heap before
{Heap before GC invocations=10 (full 2):
 PSYoungGen      total 143872K, used 143025K [0x00000000e0000000, 0x00000000ef900000, 0x0000000100000000)
  eden space 129536K, 100% used [0x00000000e0000000,0x00000000e7e80000,0x00000000e7e80000)
  from space 14336K, 94% used [0x00000000e7e80000,0x00000000e8bac460,0x00000000e8c80000)
  to   space 15872K, 0% used [0x00000000ee980000,0x00000000ee980000,0x00000000ef900000)
 ParOldGen       total 88064K, used 15314K [0x00000000a0000000, 0x00000000a5600000, 0x00000000e0000000)
  object space 88064K, 17% used [0x00000000a0000000,0x00000000a0ef4aa0,0x00000000a5600000)
 Metaspace       used 46576K, capacity 47478K, committed 47576K, reserved 1091584K
  class space    used 6074K, capacity 6311K, committed 6400K, reserved 1048576K
Event: 18.369 GC heap after
Heap after GC invocations=10 (full 2):
 PSYoungGen      total 231424K, used 15800K [0x00000000e0000000, 0x00000000ef900000, 0x0000000100000000)
  eden space 215552K, 0% used [0x00000000e0000000,0x00000000e0000000,0x00000000ed280000)
  from space 15872K, 99% used [0x00000000ee980000,0x00000000ef8ee0a0,0x00000000ef900000)
  to   space 17920K, 0% used [0x00000000ed600000,0x00000000ed600000,0x00000000ee780000)
 ParOldGen       total 88064K, used 15322K [0x00000000a0000000, 0x00000000a5600000, 0x00000000e0000000)
  object space 88064K, 17% used [0x00000000a0000000,0x00000000a0ef6aa0,0x00000000a5600000)
 Metaspace       used 46576K, capacity 47478K, committed 47576K, reserved 1091584K
  class space    used 6074K, capacity 6311K, committed 6400K, reserved 1048576K
}
Event: 26.183 GC heap before
{Heap before GC invocations=11 (full 2):
 PSYoungGen      total 231424K, used 231352K [0x00000000e0000000, 0x00000000ef900000, 0x0000000100000000)
  eden space 215552K, 100% used [0x00000000e0000000,0x00000000ed280000,0x00000000ed280000)
  from space 15872K, 99% used [0x00000000ee980000,0x00000000ef8ee0a0,0x00000000ef900000)
  to   space 17920K, 0% used [0x00000000ed600000,0x00000000ed600000,0x00000000ee780000)
 ParOldGen       total 88064K, used 15322K [0x00000000a0000000, 0x00000000a5600000, 0x00000000e0000000)
  object space 88064K, 17% used [0x00000000a0000000,0x00000000a0ef6aa0,0x00000000a5600000)
 Metaspace       used 47095K, capacity 47988K, committed 48088K, reserved 1091584K
  class space    used 6107K, capacity 6326K, committed 6400K, reserved 1048576K
Event: 26.195 GC heap after
Heap after GC invocations=11 (full 2):
 PSYoungGen      total 237056K, used 17902K [0x00000000e0000000, 0x00000000f4800000, 0x0000000100000000)
  eden space 219136K, 0% used [0x00000000e0000000,0x00000000e0000000,0x00000000ed600000)
  from space 17920K, 99% used [0x00000000ed600000,0x00000000ee77b9f0,0x00000000ee780000)
  to   space 20992K, 0% used [0x00000000f3380000,0x00000000f3380000,0x00000000f4800000)
 ParOldGen       total 88064K, used 16937K [0x00000000a0000000, 0x00000000a5600000, 0x00000000e0000000)
  object space 88064K, 19% used [0x00000000a0000000,0x00000000a108a618,0x00000000a5600000)
 Metaspace       used 47095K, capacity 47988K, committed 48088K, reserved 1091584K
  class space    used 6107K, capacity 6326K, committed 6400K, reserved 1048576K
}
Event: 33.658 GC heap before
{Heap before GC invocations=12 (full 2):
 PSYoungGen      total 237056K, used 231484K [0x00000000e0000000, 0x00000000f4800000, 0x0000000100000000)
  eden space 219136K, 97% used [0x00000000e0000000,0x00000000ed093890,0x00000000ed600000)
  from space 17920K, 99% used [0x00000000ed600000,0x00000000ee77b9f0,0x00000000ee780000)
  to   space 20992K, 0% used [0x00000000f3380000,0x00000000f3380000,0x00000000f4800000)
 ParOldGen       total 88064K, used 16937K [0x00000000a0000000, 0x00000000a5600000, 0x00000000e0000000)
  object space 88064K, 19% used [0x00000000a0000000,0x00000000a108a618,0x00000000a5600000)
 Metaspace       used 56915K, capacity 58894K, committed 59028K, reserved 1099776K
  class space    used 7449K, capacity 7853K, committed 7936K, reserved 1048576K
Event: 33.683 GC heap after
Heap after GC invocations=12 (full 2):
 PSYoungGen      total 306688K, used 20975K [0x00000000e0000000, 0x00000000f5500000, 0x0000000100000000)
  eden space 285696K, 0% used [0x00000000e0000000,0x00000000e0000000,0x00000000f1700000)
  from space 20992K, 99% used [0x00000000f3380000,0x00000000f47fbe18,0x00000000f4800000)
  to   space 29184K, 0% used [0x00000000f1700000,0x00000000f1700000,0x00000000f3380000)
 ParOldGen       total 88064K, used 31341K [0x00000000a0000000, 0x00000000a5600000, 0x00000000e0000000)
  object space 88064K, 35% used [0x00000000a0000000,0x00000000a1e9b408,0x00000000a5600000)
 Metaspace       used 56915K, capacity 58894K, committed 59028K, reserved 1099776K
  class space    used 7449K, capacity 7853K, committed 7936K, reserved 1048576K
}
Event: 33.683 GC heap before
{Heap before GC invocations=13 (full 3):
 PSYoungGen      total 306688K, used 20975K [0x00000000e0000000, 0x00000000f5500000, 0x0000000100000000)
  eden space 285696K, 0% used [0x00000000e0000000,0x00000000e0000000,0x00000000f1700000)
  from space 20992K, 99% used [0x00000000f3380000,0x00000000f47fbe18,0x00000000f4800000)
  to   space 29184K, 0% used [0x00000000f1700000,0x00000000f1700000,0x00000000f3380000)
 ParOldGen       total 88064K, used 31341K [0x00000000a0000000, 0x00000000a5600000, 0x00000000e0000000)
  object space 88064K, 35% used [0x00000000a0000000,0x00000000a1e9b408,0x00000000a5600000)
 Metaspace       used 56915K, capacity 58894K, committed 59028K, reserved 1099776K
  class space    used 7449K, capacity 7853K, committed 7936K, reserved 1048576K
Event: 33.869 GC heap after
Heap after GC invocations=13 (full 3):
 PSYoungGen      total 306688K, used 0K [0x00000000e0000000, 0x00000000f5500000, 0x0000000100000000)
  eden space 285696K, 0% used [0x00000000e0000000,0x00000000e0000000,0x00000000f1700000)
  from space 20992K, 0% used [0x00000000f3380000,0x00000000f3380000,0x00000000f4800000)
  to   space 29184K, 0% used [0x00000000f1700000,0x00000000f1700000,0x00000000f3380000)
 ParOldGen       total 141312K, used 49189K [0x00000000a0000000, 0x00000000a8a00000, 0x00000000e0000000)
  object space 141312K, 34% used [0x00000000a0000000,0x00000000a30094a0,0x00000000a8a00000)
 Metaspace       used 56888K, capacity 58806K, committed 59028K, reserved 1099776K
  class space    used 7441K, capacity 7845K, committed 7936K, reserved 1048576K
}
Event: 62.467 GC heap before
{Heap before GC invocations=14 (full 3):
 PSYoungGen      total 306688K, used 285696K [0x00000000e0000000, 0x00000000f5500000, 0x0000000100000000)
  eden space 285696K, 100% used [0x00000000e0000000,0x00000000f1700000,0x00000000f1700000)
  from space 20992K, 0% used [0x00000000f3380000,0x00000000f3380000,0x00000000f4800000)
  to   space 29184K, 0% used [0x00000000f1700000,0x00000000f1700000,0x00000000f3380000)
 ParOldGen       total 141312K, used 49189K [0x00000000a0000000, 0x00000000a8a00000, 0x00000000e0000000)
  object space 141312K, 34% used [0x00000000a0000000,0x00000000a30094a0,0x00000000a8a00000)
 Metaspace       used 63343K, capacity 66272K, committed 66520K, reserved 1107968K
  class space    used 8335K, capacity 8953K, committed 8960K, reserved 1048576K
Event: 62.504 GC heap after
Heap after GC invocations=14 (full 3):
 PSYoungGen      total 314880K, used 29169K [0x00000000e0000000, 0x00000000fb080000, 0x0000000100000000)
  eden space 285696K, 0% used [0x00000000e0000000,0x00000000e0000000,0x00000000f1700000)
  from space 29184K, 99% used [0x00000000f1700000,0x00000000f337c758,0x00000000f3380000)
  to   space 34304K, 0% used [0x00000000f8f00000,0x00000000f8f00000,0x00000000fb080000)
 ParOldGen       total 141312K, used 51733K [0x00000000a0000000, 0x00000000a8a00000, 0x00000000e0000000)
  object space 141312K, 36% used [0x00000000a0000000,0x00000000a32857e8,0x00000000a8a00000)
 Metaspace       used 63343K, capacity 66272K, committed 66520K, reserved 1107968K
  class space    used 8335K, capacity 8953K, committed 8960K, reserved 1048576K
}

